Copyright 1986-2022 Xilinx, Inc. All Rights Reserved.
------------------------------------------------------------------------------------
| Tool Version : Vivado v.2022.1 (lin64) Build 3526262 Mon Apr 18 15:47:01 MDT 2022
| Date         : Tue Jan 16 08:51:20 2024
| Host         : ubuntu2004 running 64-bit Ubuntu 20.04.4 LTS
| Command      : report_timing_summary -file timing_report.log
| Design       : design_1_wrapper
| Device       : 7z020-clg400
| Speed File   : -1  PRODUCTION 1.12 2019-11-22
------------------------------------------------------------------------------------

Timing Summary Report

------------------------------------------------------------------------------------------------
| Timer Settings
| --------------
------------------------------------------------------------------------------------------------

  Enable Multi Corner Analysis               :  Yes
  Enable Pessimism Removal                   :  Yes
  Pessimism Removal Resolution               :  Nearest Common Node
  Enable Input Delay Default Clock           :  No
  Enable Preset / Clear Arcs                 :  No
  Disable Flight Delays                      :  No
  Ignore I/O Paths                           :  No
  Timing Early Launch at Borrowing Latches   :  No
  Borrow Time for Max Delay Exceptions       :  Yes
  Merge Timing Exceptions                    :  Yes

  Corner  Analyze    Analyze    
  Name    Max Paths  Min Paths  
  ------  ---------  ---------  
  Slow    Yes        Yes        
  Fast    Yes        Yes        


------------------------------------------------------------------------------------------------
| Report Methodology
| ------------------
------------------------------------------------------------------------------------------------

No report available as report_methodology has not been run prior. Run report_methodology on the current design for the summary of methodology violations.



check_timing report

Table of Contents
-----------------
1. checking no_clock (2829)
2. checking constant_clock (0)
3. checking pulse_width_clock (0)
4. checking unconstrained_internal_endpoints (2873)
5. checking no_input_delay (0)
6. checking no_output_delay (0)
7. checking multiple_clock (0)
8. checking generated_clocks (0)
9. checking loops (0)
10. checking partial_input_delay (0)
11. checking partial_output_delay (0)
12. checking latch_loops (0)

1. checking no_clock (2829)
---------------------------
 There is 1 register/latch pin with no clock driven by root clock pin: design_1_i/axi_uartlite_0/U0/UARTLITE_CORE_I/UARTLITE_TX_I/TX_reg/Q (HIGH)

 There are 310 register/latch pins with no clock driven by root clock pin: design_1_i/caravel_0/inst/housekeeping/serial_bb_clock_reg/Q (HIGH)

 There are 500 register/latch pins with no clock driven by root clock pin: design_1_i/caravel_0/inst/housekeeping/serial_bb_enable_reg/Q (HIGH)

 There are 190 register/latch pins with no clock driven by root clock pin: design_1_i/caravel_0/inst/housekeeping/serial_bb_load_reg/Q (HIGH)

 There are 310 register/latch pins with no clock driven by root clock pin: design_1_i/caravel_0/inst/housekeeping/serial_clock_pre_reg/Q (HIGH)

 There are 190 register/latch pins with no clock driven by root clock pin: design_1_i/caravel_0/inst/housekeeping/serial_load_pre_reg/Q (HIGH)

 There are 615 register/latch pins with no clock driven by root clock pin: design_1_i/caravel_0/inst/housekeeping/wbbd_busy_reg/Q (HIGH)

 There are 615 register/latch pins with no clock driven by root clock pin: design_1_i/caravel_0/inst/housekeeping/wbbd_sck_reg/Q (HIGH)

 There is 1 register/latch pin with no clock driven by root clock pin: design_1_i/caravel_0/inst/mprj/uart/ctrl/fifo_r_en_reg/Q (HIGH)

 There is 1 register/latch pin with no clock driven by root clock pin: design_1_i/caravel_0/inst/mprj/uart/ctrl/fifotx_w_en_reg/Q (HIGH)

 There is 1 register/latch pin with no clock driven by root clock pin: design_1_i/caravel_0/inst/mprj/uart/fifo_rx/ptr_reg[0]/Q (HIGH)

 There is 1 register/latch pin with no clock driven by root clock pin: design_1_i/caravel_0/inst/mprj/uart/fifo_rx/ptr_reg[1]/Q (HIGH)

 There is 1 register/latch pin with no clock driven by root clock pin: design_1_i/caravel_0/inst/mprj/uart/fifo_rx/ptr_reg[2]/Q (HIGH)

 There is 1 register/latch pin with no clock driven by root clock pin: design_1_i/caravel_0/inst/mprj/uart/fifo_rx/ptr_reg[3]/Q (HIGH)

 There is 1 register/latch pin with no clock driven by root clock pin: design_1_i/caravel_0/inst/mprj/uart/fifo_tx/ptr_reg[0]/Q (HIGH)

 There is 1 register/latch pin with no clock driven by root clock pin: design_1_i/caravel_0/inst/mprj/uart/fifo_tx/ptr_reg[1]/Q (HIGH)

 There is 1 register/latch pin with no clock driven by root clock pin: design_1_i/caravel_0/inst/mprj/uart/fifo_tx/ptr_reg[2]/Q (HIGH)

 There is 1 register/latch pin with no clock driven by root clock pin: design_1_i/caravel_0/inst/mprj/uart/fifo_tx/ptr_reg[3]/Q (HIGH)

 There is 1 register/latch pin with no clock driven by root clock pin: design_1_i/caravel_0/inst/mprj/uart/receive/FSM_sequential_state_reg[0]/Q (HIGH)

 There is 1 register/latch pin with no clock driven by root clock pin: design_1_i/caravel_0/inst/mprj/uart/receive/FSM_sequential_state_reg[1]/Q (HIGH)

 There is 1 register/latch pin with no clock driven by root clock pin: design_1_i/caravel_0/inst/mprj/uart/receive/FSM_sequential_state_reg[2]/Q (HIGH)

 There is 1 register/latch pin with no clock driven by root clock pin: design_1_i/caravel_0/inst/mprj/uart/receive/clk_cnt_reg[0]/Q (HIGH)

 There is 1 register/latch pin with no clock driven by root clock pin: design_1_i/caravel_0/inst/mprj/uart/receive/clk_cnt_reg[10]/Q (HIGH)

 There is 1 register/latch pin with no clock driven by root clock pin: design_1_i/caravel_0/inst/mprj/uart/receive/clk_cnt_reg[11]/Q (HIGH)

 There is 1 register/latch pin with no clock driven by root clock pin: design_1_i/caravel_0/inst/mprj/uart/receive/clk_cnt_reg[12]/Q (HIGH)

 There is 1 register/latch pin with no clock driven by root clock pin: design_1_i/caravel_0/inst/mprj/uart/receive/clk_cnt_reg[13]/Q (HIGH)

 There is 1 register/latch pin with no clock driven by root clock pin: design_1_i/caravel_0/inst/mprj/uart/receive/clk_cnt_reg[14]/Q (HIGH)

 There is 1 register/latch pin with no clock driven by root clock pin: design_1_i/caravel_0/inst/mprj/uart/receive/clk_cnt_reg[15]/Q (HIGH)

 There is 1 register/latch pin with no clock driven by root clock pin: design_1_i/caravel_0/inst/mprj/uart/receive/clk_cnt_reg[16]/Q (HIGH)

 There is 1 register/latch pin with no clock driven by root clock pin: design_1_i/caravel_0/inst/mprj/uart/receive/clk_cnt_reg[17]/Q (HIGH)

 There is 1 register/latch pin with no clock driven by root clock pin: design_1_i/caravel_0/inst/mprj/uart/receive/clk_cnt_reg[18]/Q (HIGH)

 There is 1 register/latch pin with no clock driven by root clock pin: design_1_i/caravel_0/inst/mprj/uart/receive/clk_cnt_reg[19]/Q (HIGH)

 There is 1 register/latch pin with no clock driven by root clock pin: design_1_i/caravel_0/inst/mprj/uart/receive/clk_cnt_reg[1]/Q (HIGH)

 There is 1 register/latch pin with no clock driven by root clock pin: design_1_i/caravel_0/inst/mprj/uart/receive/clk_cnt_reg[20]/Q (HIGH)

 There is 1 register/latch pin with no clock driven by root clock pin: design_1_i/caravel_0/inst/mprj/uart/receive/clk_cnt_reg[21]/Q (HIGH)

 There is 1 register/latch pin with no clock driven by root clock pin: design_1_i/caravel_0/inst/mprj/uart/receive/clk_cnt_reg[22]/Q (HIGH)

 There is 1 register/latch pin with no clock driven by root clock pin: design_1_i/caravel_0/inst/mprj/uart/receive/clk_cnt_reg[23]/Q (HIGH)

 There is 1 register/latch pin with no clock driven by root clock pin: design_1_i/caravel_0/inst/mprj/uart/receive/clk_cnt_reg[24]/Q (HIGH)

 There is 1 register/latch pin with no clock driven by root clock pin: design_1_i/caravel_0/inst/mprj/uart/receive/clk_cnt_reg[25]/Q (HIGH)

 There is 1 register/latch pin with no clock driven by root clock pin: design_1_i/caravel_0/inst/mprj/uart/receive/clk_cnt_reg[26]/Q (HIGH)

 There is 1 register/latch pin with no clock driven by root clock pin: design_1_i/caravel_0/inst/mprj/uart/receive/clk_cnt_reg[27]/Q (HIGH)

 There is 1 register/latch pin with no clock driven by root clock pin: design_1_i/caravel_0/inst/mprj/uart/receive/clk_cnt_reg[28]/Q (HIGH)

 There is 1 register/latch pin with no clock driven by root clock pin: design_1_i/caravel_0/inst/mprj/uart/receive/clk_cnt_reg[29]/Q (HIGH)

 There is 1 register/latch pin with no clock driven by root clock pin: design_1_i/caravel_0/inst/mprj/uart/receive/clk_cnt_reg[2]/Q (HIGH)

 There is 1 register/latch pin with no clock driven by root clock pin: design_1_i/caravel_0/inst/mprj/uart/receive/clk_cnt_reg[30]/Q (HIGH)

 There is 1 register/latch pin with no clock driven by root clock pin: design_1_i/caravel_0/inst/mprj/uart/receive/clk_cnt_reg[31]/Q (HIGH)

 There is 1 register/latch pin with no clock driven by root clock pin: design_1_i/caravel_0/inst/mprj/uart/receive/clk_cnt_reg[3]/Q (HIGH)

 There is 1 register/latch pin with no clock driven by root clock pin: design_1_i/caravel_0/inst/mprj/uart/receive/clk_cnt_reg[4]/Q (HIGH)

 There is 1 register/latch pin with no clock driven by root clock pin: design_1_i/caravel_0/inst/mprj/uart/receive/clk_cnt_reg[5]/Q (HIGH)

 There is 1 register/latch pin with no clock driven by root clock pin: design_1_i/caravel_0/inst/mprj/uart/receive/clk_cnt_reg[6]/Q (HIGH)

 There is 1 register/latch pin with no clock driven by root clock pin: design_1_i/caravel_0/inst/mprj/uart/receive/clk_cnt_reg[7]/Q (HIGH)

 There is 1 register/latch pin with no clock driven by root clock pin: design_1_i/caravel_0/inst/mprj/uart/receive/clk_cnt_reg[8]/Q (HIGH)

 There is 1 register/latch pin with no clock driven by root clock pin: design_1_i/caravel_0/inst/mprj/uart/receive/clk_cnt_reg[9]/Q (HIGH)

 There is 1 register/latch pin with no clock driven by root clock pin: design_1_i/caravel_0/inst/mprj/uart/transmission/fifotx_r_en_reg/Q (HIGH)

 There are 52 register/latch pins with no clock driven by root clock pin: design_1_i/caravel_0/inst/soc/core/flash_clk_reg/Q (HIGH)


2. checking constant_clock (0)
------------------------------
 There are 0 register/latch pins with constant_clock.


3. checking pulse_width_clock (0)
---------------------------------
 There are 0 register/latch pins which need pulse_width check


4. checking unconstrained_internal_endpoints (2873)
---------------------------------------------------
 There are 2873 pins that are not constrained for maximum delay. (HIGH)

 There are 0 pins that are not constrained for maximum delay due to constant clock.


5. checking no_input_delay (0)
------------------------------
 There are 0 input ports with no input delay specified.

 There are 0 input ports with no input delay but user has a false path constraint.


6. checking no_output_delay (0)
-------------------------------
 There are 0 ports with no output delay specified.

 There are 0 ports with no output delay but user has a false path constraint

 There are 0 ports with no output delay but with a timing clock defined on it or propagating through it


7. checking multiple_clock (0)
------------------------------
 There are 0 register/latch pins with multiple clocks.


8. checking generated_clocks (0)
--------------------------------
 There are 0 generated clocks that are not connected to a clock source.


9. checking loops (0)
---------------------
 There are 0 combinational loops in the design.


10. checking partial_input_delay (0)
------------------------------------
 There are 0 input ports with partial input delay specified.


11. checking partial_output_delay (0)
-------------------------------------
 There are 0 ports with partial output delay specified.


12. checking latch_loops (0)
----------------------------
 There are 0 combinational latch loops in the design through latch input



------------------------------------------------------------------------------------------------
| Design Timing Summary
| ---------------------
------------------------------------------------------------------------------------------------

    WNS(ns)      TNS(ns)  TNS Failing Endpoints  TNS Total Endpoints      WHS(ns)      THS(ns)  THS Failing Endpoints  THS Total Endpoints     WPWS(ns)     TPWS(ns)  TPWS Failing Endpoints  TPWS Total Endpoints  
    -------      -------  ---------------------  -------------------      -------      -------  ---------------------  -------------------     --------     --------  ----------------------  --------------------  
      8.465        0.000                      0                13408        0.015        0.000                      0                13408       11.250        0.000                       0                  5544  


All user specified timing constraints are met.


------------------------------------------------------------------------------------------------
| Clock Summary
| -------------
------------------------------------------------------------------------------------------------

Clock       Waveform(ns)       Period(ns)      Frequency(MHz)
-----       ------------       ----------      --------------
clk_fpga_0  {0.000 12.500}     25.000          40.000          


------------------------------------------------------------------------------------------------
| Intra Clock Table
| -----------------
------------------------------------------------------------------------------------------------

Clock             WNS(ns)      TNS(ns)  TNS Failing Endpoints  TNS Total Endpoints      WHS(ns)      THS(ns)  THS Failing Endpoints  THS Total Endpoints     WPWS(ns)     TPWS(ns)  TPWS Failing Endpoints  TPWS Total Endpoints  
-----             -------      -------  ---------------------  -------------------      -------      -------  ---------------------  -------------------     --------     --------  ----------------------  --------------------  
clk_fpga_0          8.465        0.000                      0                13002        0.015        0.000                      0                13002       11.250        0.000                       0                  5544  


------------------------------------------------------------------------------------------------
| Inter Clock Table
| -----------------
------------------------------------------------------------------------------------------------

From Clock    To Clock          WNS(ns)      TNS(ns)  TNS Failing Endpoints  TNS Total Endpoints      WHS(ns)      THS(ns)  THS Failing Endpoints  THS Total Endpoints  
----------    --------          -------      -------  ---------------------  -------------------      -------      -------  ---------------------  -------------------  


------------------------------------------------------------------------------------------------
| Other Path Groups Table
| -----------------------
------------------------------------------------------------------------------------------------

Path Group         From Clock         To Clock               WNS(ns)      TNS(ns)  TNS Failing Endpoints  TNS Total Endpoints      WHS(ns)      THS(ns)  THS Failing Endpoints  THS Total Endpoints  
----------         ----------         --------               -------      -------  ---------------------  -------------------      -------      -------  ---------------------  -------------------  
**async_default**  clk_fpga_0         clk_fpga_0              18.010        0.000                      0                  406        0.598        0.000                      0                  406  


------------------------------------------------------------------------------------------------
| Timing Details
| --------------
------------------------------------------------------------------------------------------------


---------------------------------------------------------------------------------------------------
From Clock:  clk_fpga_0
  To Clock:  clk_fpga_0

Setup :            0  Failing Endpoints,  Worst Slack        8.465ns,  Total Violation        0.000ns
Hold  :            0  Failing Endpoints,  Worst Slack        0.015ns,  Total Violation        0.000ns
PW    :            0  Failing Endpoints,  Worst Slack       11.250ns,  Total Violation        0.000ns
---------------------------------------------------------------------------------------------------


Max Delay Paths
--------------------------------------------------------------------------------------
Slack (MET) :             8.465ns  (required time - arrival time)
  Source:                 design_1_i/processing_system7_0/inst/PS7_i/FCLKCLK[0]
                            (clock source 'clk_fpga_0'  {rise@0.000ns fall@12.500ns period=25.000ns})
  Destination:            design_1_i/caravel_ps_0/inst/control_s_axi_U/int_ps_mprj_out_reg[15]/D
                            (rising edge-triggered cell FDRE clocked by clk_fpga_0  {rise@0.000ns fall@12.500ns period=25.000ns})
  Path Group:             clk_fpga_0
  Path Type:              Setup (Max at Slow Process Corner)
  Requirement:            12.500ns  (clk_fpga_0 rise@25.000ns - clk_fpga_0 fall@12.500ns)
  Data Path Delay:        6.003ns  (logic 0.374ns (6.230%)  route 5.629ns (93.770%))
  Logic Levels:           3  (BUFG=1 LUT1=1 LUT6=1)
  Clock Path Skew:        2.657ns (DCD - SCD + CPR)
    Destination Clock Delay (DCD):    2.657ns = ( 27.657 - 25.000 ) 
    Source Clock Delay      (SCD):    0.000ns = ( 12.500 - 12.500 ) 
    Clock Pessimism Removal (CPR):    0.000ns
  Clock Uncertainty:      0.377ns  ((TSJ^2 + TIJ^2)^1/2 + DJ) / 2 + PE
    Total System Jitter     (TSJ):    0.071ns
    Total Input Jitter      (TIJ):    0.750ns
    Discrete Jitter          (DJ):    0.000ns
    Phase Error              (PE):    0.000ns

    Location             Delay type                Incr(ns)  Path(ns)    Netlist Resource(s)
  -------------------------------------------------------------------    -------------------
                         (clock clk_fpga_0 fall edge)
                                                     12.500    12.500 f  
    PS7_X0Y0             PS7                          0.000    12.500 f  design_1_i/processing_system7_0/inst/PS7_i/FCLKCLK[0]
                         net (fo=1, routed)           1.193    13.693    design_1_i/processing_system7_0/inst/FCLK_CLK_unbuffered[0]
    BUFGCTRL_X0Y21       BUFG (Prop_bufg_I_O)         0.101    13.794 f  design_1_i/processing_system7_0/inst/buffer_fclk_clk_0.FCLK_CLK_0_BUFG/O
                         net (fo=5494, routed)        2.079    15.873    design_1_i/caravel_0/inst/gpio_control_in_1[7]/clock
    SLICE_X49Y97         LUT6 (Prop_lut6_I3_O)        0.124    15.997 f  design_1_i/caravel_0/inst/gpio_control_in_1[7]/mprj_o[15]_INST_0/O
                         net (fo=1, routed)           1.252    17.249    design_1_i/caravel_0/inst/gpio_control_in_1[7]/mprj_o[0]
    SLICE_X26Y97         LUT1 (Prop_lut1_I0_O)        0.149    17.398 f  design_1_i/caravel_0/inst/gpio_control_in_1[7]/mprj_o[0]_hold_fix/O
                         net (fo=1, routed)           1.105    18.503    design_1_i/caravel_ps_0/inst/control_s_axi_U/mprj_o[0]_hold_fix_1_alias_1
    SLICE_X49Y97         FDRE                                         f  design_1_i/caravel_ps_0/inst/control_s_axi_U/int_ps_mprj_out_reg[15]/D
  -------------------------------------------------------------------    -------------------

                         (clock clk_fpga_0 rise edge)
                                                     25.000    25.000 r  
    PS7_X0Y0             PS7                          0.000    25.000 r  design_1_i/processing_system7_0/inst/PS7_i/FCLKCLK[0]
                         net (fo=1, routed)           1.088    26.088    design_1_i/processing_system7_0/inst/FCLK_CLK_unbuffered[0]
    BUFGCTRL_X0Y21       BUFG (Prop_bufg_I_O)         0.091    26.179 r  design_1_i/processing_system7_0/inst/buffer_fclk_clk_0.FCLK_CLK_0_BUFG/O
                         net (fo=5494, routed)        1.478    27.657    design_1_i/caravel_ps_0/inst/control_s_axi_U/ap_clk
    SLICE_X49Y97         FDRE                                         r  design_1_i/caravel_ps_0/inst/control_s_axi_U/int_ps_mprj_out_reg[15]/C
                         clock pessimism              0.000    27.657    
                         clock uncertainty           -0.377    27.280    
    SLICE_X49Y97         FDRE (Setup_fdre_C_D)       -0.312    26.968    design_1_i/caravel_ps_0/inst/control_s_axi_U/int_ps_mprj_out_reg[15]
  -------------------------------------------------------------------
                         required time                         26.968    
                         arrival time                         -18.503    
  -------------------------------------------------------------------
                         slack                                  8.465    





Min Delay Paths
--------------------------------------------------------------------------------------
Slack (MET) :             0.015ns  (arrival time - required time)
  Source:                 design_1_i/axi_uartlite_0/U0/UARTLITE_CORE_I/clr_Status_reg/C
                            (rising edge-triggered cell FDRE clocked by clk_fpga_0  {rise@0.000ns fall@12.500ns period=25.000ns})
  Destination:            design_1_i/axi_uartlite_0/U0/UARTLITE_CORE_I/status_reg_reg[2]/D
                            (rising edge-triggered cell FDRE clocked by clk_fpga_0  {rise@0.000ns fall@12.500ns period=25.000ns})
  Path Group:             clk_fpga_0
  Path Type:              Hold (Min at Fast Process Corner)
  Requirement:            0.000ns  (clk_fpga_0 rise@0.000ns - clk_fpga_0 rise@0.000ns)
  Data Path Delay:        0.395ns  (logic 0.226ns (57.236%)  route 0.169ns (42.764%))
  Logic Levels:           1  (LUT5=1)
  Clock Path Skew:        0.259ns (DCD - SCD - CPR)
    Destination Clock Delay (DCD):    1.181ns
    Source Clock Delay      (SCD):    0.887ns
    Clock Pessimism Removal (CPR):    0.035ns

    Location             Delay type                Incr(ns)  Path(ns)    Netlist Resource(s)
  -------------------------------------------------------------------    -------------------
                         (clock clk_fpga_0 rise edge)
                                                      0.000     0.000 r  
    PS7_X0Y0             PS7                          0.000     0.000 r  design_1_i/processing_system7_0/inst/PS7_i/FCLKCLK[0]
                         net (fo=1, routed)           0.310     0.310    design_1_i/processing_system7_0/inst/FCLK_CLK_unbuffered[0]
    BUFGCTRL_X0Y21       BUFG (Prop_bufg_I_O)         0.026     0.336 r  design_1_i/processing_system7_0/inst/buffer_fclk_clk_0.FCLK_CLK_0_BUFG/O
                         net (fo=5494, routed)        0.551     0.887    design_1_i/axi_uartlite_0/U0/UARTLITE_CORE_I/s_axi_aclk
    SLICE_X48Y85         FDRE                                         r  design_1_i/axi_uartlite_0/U0/UARTLITE_CORE_I/clr_Status_reg/C
  -------------------------------------------------------------------    -------------------
    SLICE_X48Y85         FDRE (Prop_fdre_C_Q)         0.128     1.015 f  design_1_i/axi_uartlite_0/U0/UARTLITE_CORE_I/clr_Status_reg/Q
                         net (fo=2, routed)           0.169     1.183    design_1_i/axi_uartlite_0/U0/UARTLITE_CORE_I/UARTLITE_RX_I/SRL_FIFO_I/I_SRL_FIFO_RBU_F/clr_Status
    SLICE_X50Y85         LUT5 (Prop_lut5_I4_O)        0.098     1.281 r  design_1_i/axi_uartlite_0/U0/UARTLITE_CORE_I/UARTLITE_RX_I/SRL_FIFO_I/I_SRL_FIFO_RBU_F/status_reg[2]_i_1/O
                         net (fo=1, routed)           0.000     1.281    design_1_i/axi_uartlite_0/U0/UARTLITE_CORE_I/UARTLITE_RX_I_n_4
    SLICE_X50Y85         FDRE                                         r  design_1_i/axi_uartlite_0/U0/UARTLITE_CORE_I/status_reg_reg[2]/D
  -------------------------------------------------------------------    -------------------

                         (clock clk_fpga_0 rise edge)
                                                      0.000     0.000 r  
    PS7_X0Y0             PS7                          0.000     0.000 r  design_1_i/processing_system7_0/inst/PS7_i/FCLKCLK[0]
                         net (fo=1, routed)           0.337     0.337    design_1_i/processing_system7_0/inst/FCLK_CLK_unbuffered[0]
    BUFGCTRL_X0Y21       BUFG (Prop_bufg_I_O)         0.029     0.366 r  design_1_i/processing_system7_0/inst/buffer_fclk_clk_0.FCLK_CLK_0_BUFG/O
                         net (fo=5494, routed)        0.815     1.181    design_1_i/axi_uartlite_0/U0/UARTLITE_CORE_I/s_axi_aclk
    SLICE_X50Y85         FDRE                                         r  design_1_i/axi_uartlite_0/U0/UARTLITE_CORE_I/status_reg_reg[2]/C
                         clock pessimism             -0.035     1.146    
    SLICE_X50Y85         FDRE (Hold_fdre_C_D)         0.121     1.267    design_1_i/axi_uartlite_0/U0/UARTLITE_CORE_I/status_reg_reg[2]
  -------------------------------------------------------------------
                         required time                         -1.267    
                         arrival time                           1.281    
  -------------------------------------------------------------------
                         slack                                  0.015    





Pulse Width Checks
--------------------------------------------------------------------------------------
Clock Name:         clk_fpga_0
Waveform(ns):       { 0.000 12.500 }
Period(ns):         25.000
Sources:            { design_1_i/processing_system7_0/inst/PS7_i/FCLKCLK[0] }

Check Type        Corner  Lib Pin             Reference Pin  Required(ns)  Actual(ns)  Slack(ns)  Location      Pin
Min Period        n/a     RAMB36E1/CLKARDCLK  n/a            2.944         25.000      22.056     RAMB36_X2Y12  design_1_i/caravel_0/inst/mprj/mprj_2/user_bram/RAM_reg_0/CLKARDCLK
Low Pulse Width   Slow    RAMD32/CLK          n/a            1.250         12.500      11.250     SLICE_X30Y44  design_1_i/axi_mem_intercon/s00_couplers/auto_pc/inst/gen_axi4_axi3.axi3_conv_inst/USE_READ.USE_SPLIT_R.read_addr_inst/USE_R_CHANNEL.cmd_queue/inst/fifo_gen_inst/inst_fifo_gen/gconvfifo.rf/grf.rf/gntv_or_sync_fifo.mem/gdm.dm_gen.dm/RAM_reg_0_31_0_0/DP/CLK
High Pulse Width  Slow    RAMD32/CLK          n/a            1.250         12.500      11.250     SLICE_X30Y44  design_1_i/axi_mem_intercon/s00_couplers/auto_pc/inst/gen_axi4_axi3.axi3_conv_inst/USE_READ.USE_SPLIT_R.read_addr_inst/USE_R_CHANNEL.cmd_queue/inst/fifo_gen_inst/inst_fifo_gen/gconvfifo.rf/grf.rf/gntv_or_sync_fifo.mem/gdm.dm_gen.dm/RAM_reg_0_31_0_0/DP/CLK



---------------------------------------------------------------------------------------------------
Path Group:  **async_default**
From Clock:  clk_fpga_0
  To Clock:  clk_fpga_0

Setup :            0  Failing Endpoints,  Worst Slack       18.010ns,  Total Violation        0.000ns
Hold  :            0  Failing Endpoints,  Worst Slack        0.598ns,  Total Violation        0.000ns
---------------------------------------------------------------------------------------------------


Max Delay Paths
--------------------------------------------------------------------------------------
Slack (MET) :             18.010ns  (required time - arrival time)
  Source:                 design_1_i/output_pin_0/inst/control_s_axi_U/int_outpin_ctrl_reg[0]/C
                            (rising edge-triggered cell FDRE clocked by clk_fpga_0  {rise@0.000ns fall@12.500ns period=25.000ns})
  Destination:            design_1_i/caravel_0/inst/housekeeping/serial_data_staging_2_reg[7]/CLR
                            (recovery check against rising-edge clock clk_fpga_0  {rise@0.000ns fall@12.500ns period=25.000ns})
  Path Group:             **async_default**
  Path Type:              Recovery (Max at Slow Process Corner)
  Requirement:            25.000ns  (clk_fpga_0 rise@25.000ns - clk_fpga_0 rise@0.000ns)
  Data Path Delay:        6.311ns  (logic 0.580ns (9.190%)  route 5.731ns (90.810%))
  Logic Levels:           1  (LUT1=1)
  Clock Path Skew:        0.016ns (DCD - SCD + CPR)
    Destination Clock Delay (DCD):    2.829ns = ( 27.829 - 25.000 ) 
    Source Clock Delay      (SCD):    2.942ns
    Clock Pessimism Removal (CPR):    0.129ns
  Clock Uncertainty:      0.377ns  ((TSJ^2 + TIJ^2)^1/2 + DJ) / 2 + PE
    Total System Jitter     (TSJ):    0.071ns
    Total Input Jitter      (TIJ):    0.750ns
    Discrete Jitter          (DJ):    0.000ns
    Phase Error              (PE):    0.000ns

    Location             Delay type                Incr(ns)  Path(ns)    Netlist Resource(s)
  -------------------------------------------------------------------    -------------------
                         (clock clk_fpga_0 rise edge)
                                                      0.000     0.000 r  
    PS7_X0Y0             PS7                          0.000     0.000 r  design_1_i/processing_system7_0/inst/PS7_i/FCLKCLK[0]
                         net (fo=1, routed)           1.193     1.193    design_1_i/processing_system7_0/inst/FCLK_CLK_unbuffered[0]
    BUFGCTRL_X0Y21       BUFG (Prop_bufg_I_O)         0.101     1.294 r  design_1_i/processing_system7_0/inst/buffer_fclk_clk_0.FCLK_CLK_0_BUFG/O
                         net (fo=5494, routed)        1.648     2.942    design_1_i/output_pin_0/inst/control_s_axi_U/ap_clk
    SLICE_X49Y89         FDRE                                         r  design_1_i/output_pin_0/inst/control_s_axi_U/int_outpin_ctrl_reg[0]/C
  -------------------------------------------------------------------    -------------------
    SLICE_X49Y89         FDRE (Prop_fdre_C_Q)         0.456     3.398 r  design_1_i/output_pin_0/inst/control_s_axi_U/int_outpin_ctrl_reg[0]/Q
                         net (fo=9, routed)           0.783     4.181    design_1_i/caravel_0/inst/housekeeping/resetb
    SLICE_X54Y94         LUT1 (Prop_lut1_I0_O)        0.124     4.305 f  design_1_i/caravel_0/inst/housekeeping/FSM_sequential_xfer_state[0]_i_2/O
                         net (fo=662, routed)         4.948     9.253    design_1_i/caravel_0/inst/housekeeping/pad_flash_csb_oeb0
    SLICE_X38Y111        FDCE                                         f  design_1_i/caravel_0/inst/housekeeping/serial_data_staging_2_reg[7]/CLR
  -------------------------------------------------------------------    -------------------

                         (clock clk_fpga_0 rise edge)
                                                     25.000    25.000 r  
    PS7_X0Y0             PS7                          0.000    25.000 r  design_1_i/processing_system7_0/inst/PS7_i/FCLKCLK[0]
                         net (fo=1, routed)           1.088    26.088    design_1_i/processing_system7_0/inst/FCLK_CLK_unbuffered[0]
    BUFGCTRL_X0Y21       BUFG (Prop_bufg_I_O)         0.091    26.179 r  design_1_i/processing_system7_0/inst/buffer_fclk_clk_0.FCLK_CLK_0_BUFG/O
                         net (fo=5494, routed)        1.650    27.829    design_1_i/caravel_0/inst/housekeeping/clock
    SLICE_X38Y111        FDCE                                         r  design_1_i/caravel_0/inst/housekeeping/serial_data_staging_2_reg[7]/C
                         clock pessimism              0.129    27.958    
                         clock uncertainty           -0.377    27.581    
    SLICE_X38Y111        FDCE (Recov_fdce_C_CLR)     -0.319    27.262    design_1_i/caravel_0/inst/housekeeping/serial_data_staging_2_reg[7]
  -------------------------------------------------------------------
                         required time                         27.262    
                         arrival time                          -9.253    
  -------------------------------------------------------------------
                         slack                                 18.010    





Min Delay Paths
--------------------------------------------------------------------------------------
Slack (MET) :             0.598ns  (arrival time - required time)
  Source:                 design_1_i/axi_mem_intercon/s00_couplers/auto_pc/inst/gen_axi4_axi3.axi3_conv_inst/USE_READ.USE_SPLIT_R.read_addr_inst/USE_R_CHANNEL.cmd_queue/inst/fifo_gen_inst/inst_fifo_gen/gconvfifo.rf/grf.rf/rstblk/ngwrdrst.grst.g7serrst.gnsckt_wrst.gcc_rst.sckt_wr_rst_cc_reg[0]/C
                            (rising edge-triggered cell FDRE clocked by clk_fpga_0  {rise@0.000ns fall@12.500ns period=25.000ns})
  Destination:            design_1_i/axi_mem_intercon/s00_couplers/auto_pc/inst/gen_axi4_axi3.axi3_conv_inst/USE_READ.USE_SPLIT_R.read_addr_inst/USE_R_CHANNEL.cmd_queue/inst/fifo_gen_inst/inst_fifo_gen/gconvfifo.rf/grf.rf/gntv_or_sync_fifo.gl0.wr/wpntr/gcc0.gc0.count_d1_reg[0]/CLR
                            (removal check against rising-edge clock clk_fpga_0  {rise@0.000ns fall@12.500ns period=25.000ns})
  Path Group:             **async_default**
  Path Type:              Removal (Min at Fast Process Corner)
  Requirement:            0.000ns  (clk_fpga_0 rise@0.000ns - clk_fpga_0 rise@0.000ns)
  Data Path Delay:        0.567ns  (logic 0.186ns (32.796%)  route 0.381ns (67.204%))
  Logic Levels:           1  (LUT3=1)
  Clock Path Skew:        0.061ns (DCD - SCD - CPR)
    Destination Clock Delay (DCD):    1.224ns
    Source Clock Delay      (SCD):    0.900ns
    Clock Pessimism Removal (CPR):    0.263ns

    Location             Delay type                Incr(ns)  Path(ns)    Netlist Resource(s)
  -------------------------------------------------------------------    -------------------
                         (clock clk_fpga_0 rise edge)
                                                      0.000     0.000 r  
    PS7_X0Y0             PS7                          0.000     0.000 r  design_1_i/processing_system7_0/inst/PS7_i/FCLKCLK[0]
                         net (fo=1, routed)           0.310     0.310    design_1_i/processing_system7_0/inst/FCLK_CLK_unbuffered[0]
    BUFGCTRL_X0Y21       BUFG (Prop_bufg_I_O)         0.026     0.336 r  design_1_i/processing_system7_0/inst/buffer_fclk_clk_0.FCLK_CLK_0_BUFG/O
                         net (fo=5494, routed)        0.564     0.900    design_1_i/axi_mem_intercon/s00_couplers/auto_pc/inst/gen_axi4_axi3.axi3_conv_inst/USE_READ.USE_SPLIT_R.read_addr_inst/USE_R_CHANNEL.cmd_queue/inst/fifo_gen_inst/inst_fifo_gen/gconvfifo.rf/grf.rf/rstblk/clk
    SLICE_X33Y44         FDRE                                         r  design_1_i/axi_mem_intercon/s00_couplers/auto_pc/inst/gen_axi4_axi3.axi3_conv_inst/USE_READ.USE_SPLIT_R.read_addr_inst/USE_R_CHANNEL.cmd_queue/inst/fifo_gen_inst/inst_fifo_gen/gconvfifo.rf/grf.rf/rstblk/ngwrdrst.grst.g7serrst.gnsckt_wrst.gcc_rst.sckt_wr_rst_cc_reg[0]/C
  -------------------------------------------------------------------    -------------------
    SLICE_X33Y44         FDRE (Prop_fdre_C_Q)         0.141     1.041 f  design_1_i/axi_mem_intercon/s00_couplers/auto_pc/inst/gen_axi4_axi3.axi3_conv_inst/USE_READ.USE_SPLIT_R.read_addr_inst/USE_R_CHANNEL.cmd_queue/inst/fifo_gen_inst/inst_fifo_gen/gconvfifo.rf/grf.rf/rstblk/ngwrdrst.grst.g7serrst.gnsckt_wrst.gcc_rst.sckt_wr_rst_cc_reg[0]/Q
                         net (fo=2, routed)           0.103     1.144    design_1_i/axi_mem_intercon/s00_couplers/auto_pc/inst/gen_axi4_axi3.axi3_conv_inst/USE_READ.USE_SPLIT_R.read_addr_inst/USE_R_CHANNEL.cmd_queue/inst/fifo_gen_inst/inst_fifo_gen/gconvfifo.rf/grf.rf/rstblk/ngwrdrst.grst.g7serrst.gnsckt_wrst.gcc_rst.sckt_wr_rst_cc[0]
    SLICE_X32Y44         LUT3 (Prop_lut3_I1_O)        0.045     1.189 f  design_1_i/axi_mem_intercon/s00_couplers/auto_pc/inst/gen_axi4_axi3.axi3_conv_inst/USE_READ.USE_SPLIT_R.read_addr_inst/USE_R_CHANNEL.cmd_queue/inst/fifo_gen_inst/inst_fifo_gen/gconvfifo.rf/grf.rf/rstblk/gpregsm1.curr_fwft_state[1]_i_2/O
                         net (fo=33, routed)          0.278     1.467    design_1_i/axi_mem_intercon/s00_couplers/auto_pc/inst/gen_axi4_axi3.axi3_conv_inst/USE_READ.USE_SPLIT_R.read_addr_inst/USE_R_CHANNEL.cmd_queue/inst/fifo_gen_inst/inst_fifo_gen/gconvfifo.rf/grf.rf/gntv_or_sync_fifo.gl0.wr/wpntr/gcc0.gc0.count_d1_reg[0]_0
    SLICE_X31Y44         FDCE                                         f  design_1_i/axi_mem_intercon/s00_couplers/auto_pc/inst/gen_axi4_axi3.axi3_conv_inst/USE_READ.USE_SPLIT_R.read_addr_inst/USE_R_CHANNEL.cmd_queue/inst/fifo_gen_inst/inst_fifo_gen/gconvfifo.rf/grf.rf/gntv_or_sync_fifo.gl0.wr/wpntr/gcc0.gc0.count_d1_reg[0]/CLR
  -------------------------------------------------------------------    -------------------

                         (clock clk_fpga_0 rise edge)
                                                      0.000     0.000 r  
    PS7_X0Y0             PS7                          0.000     0.000 r  design_1_i/processing_system7_0/inst/PS7_i/FCLKCLK[0]
                         net (fo=1, routed)           0.337     0.337    design_1_i/processing_system7_0/inst/FCLK_CLK_unbuffered[0]
    BUFGCTRL_X0Y21       BUFG (Prop_bufg_I_O)         0.029     0.366 r  design_1_i/processing_system7_0/inst/buffer_fclk_clk_0.FCLK_CLK_0_BUFG/O
                         net (fo=5494, routed)        0.858     1.224    design_1_i/axi_mem_intercon/s00_couplers/auto_pc/inst/gen_axi4_axi3.axi3_conv_inst/USE_READ.USE_SPLIT_R.read_addr_inst/USE_R_CHANNEL.cmd_queue/inst/fifo_gen_inst/inst_fifo_gen/gconvfifo.rf/grf.rf/gntv_or_sync_fifo.gl0.wr/wpntr/clk
    SLICE_X31Y44         FDCE                                         r  design_1_i/axi_mem_intercon/s00_couplers/auto_pc/inst/gen_axi4_axi3.axi3_conv_inst/USE_READ.USE_SPLIT_R.read_addr_inst/USE_R_CHANNEL.cmd_queue/inst/fifo_gen_inst/inst_fifo_gen/gconvfifo.rf/grf.rf/gntv_or_sync_fifo.gl0.wr/wpntr/gcc0.gc0.count_d1_reg[0]/C
                         clock pessimism             -0.263     0.961    
    SLICE_X31Y44         FDCE (Remov_fdce_C_CLR)     -0.092     0.868    design_1_i/axi_mem_intercon/s00_couplers/auto_pc/inst/gen_axi4_axi3.axi3_conv_inst/USE_READ.USE_SPLIT_R.read_addr_inst/USE_R_CHANNEL.cmd_queue/inst/fifo_gen_inst/inst_fifo_gen/gconvfifo.rf/grf.rf/gntv_or_sync_fifo.gl0.wr/wpntr/gcc0.gc0.count_d1_reg[0]
  -------------------------------------------------------------------
                         required time                         -0.868    
                         arrival time                           1.467    
  -------------------------------------------------------------------
                         slack                                  0.598    





